Started GET "/" for 127.0.0.1 at 2017-09-26 20:34:33 +0700
Processing by Rails::WelcomeController#index as HTML
  Rendering /Users/apple/.rvm/gems/ruby-2.4.2@global/gems/railties-5.1.4/lib/rails/templates/rails/welcome/index.html.erb
  Rendered /Users/apple/.rvm/gems/ruby-2.4.2@global/gems/railties-5.1.4/lib/rails/templates/rails/welcome/index.html.erb (5.1ms)
Completed 200 OK in 673ms (Views: 20.7ms)


  [1m[35m (20.8ms)[0m  [1m[34mSELECT pg_try_advisory_lock(4349492530716221595)[0m
  [1m[35m (2.0ms)[0m  [1m[34mSELECT "schema_migrations"."version" FROM "schema_migrations" ORDER BY "schema_migrations"."version" ASC[0m
Migrating to DeviseCreateUsers (20170929032611)
  [1m[35m (0.4ms)[0m  [1m[35mBEGIN[0m
  [1m[35m (242.4ms)[0m  [1m[35mCREATE TABLE "users" ("id" bigserial primary key, "email" character varying DEFAULT '' NOT NULL, "encrypted_password" character varying DEFAULT '' NOT NULL, "reset_password_token" character varying, "reset_password_sent_at" timestamp, "remember_created_at" timestamp, "sign_in_count" integer DEFAULT 0 NOT NULL, "current_sign_in_at" timestamp, "last_sign_in_at" timestamp, "current_sign_in_ip" inet, "last_sign_in_ip" inet, "created_at" timestamp NOT NULL, "updated_at" timestamp NOT NULL)[0m
  [1m[35m (6.9ms)[0m  [1m[35mCREATE UNIQUE INDEX  "index_users_on_email" ON "users"  ("email")[0m
  [1m[35m (6.3ms)[0m  [1m[35mCREATE UNIQUE INDEX  "index_users_on_reset_password_token" ON "users"  ("reset_password_token")[0m
  [1m[35mSQL (12.6ms)[0m  [1m[32mINSERT INTO "schema_migrations" ("version") VALUES ($1) RETURNING "version"[0m  [["version", "20170929032611"]]
  [1m[35m (5.7ms)[0m  [1m[35mCOMMIT[0m
  [1m[36mActiveRecord::InternalMetadata Load (33.6ms)[0m  [1m[34mSELECT  "ar_internal_metadata".* FROM "ar_internal_metadata" WHERE "ar_internal_metadata"."key" = $1 LIMIT $2[0m  [["key", "environment"], ["LIMIT", 1]]
  [1m[35m (0.3ms)[0m  [1m[35mBEGIN[0m
  [1m[35m (0.3ms)[0m  [1m[35mCOMMIT[0m
  [1m[35m (0.4ms)[0m  [1m[34mSELECT pg_advisory_unlock(4349492530716221595)[0m
  [1m[35m (0.4ms)[0m  [1m[34mSELECT "schema_migrations"."version" FROM "schema_migrations" ORDER BY "schema_migrations"."version" ASC[0m
Started GET "/" for 127.0.0.1 at 2017-09-29 10:30:12 +0700
  [1m[35m (1.4ms)[0m  [1m[34mSELECT "schema_migrations"."version" FROM "schema_migrations" ORDER BY "schema_migrations"."version" ASC[0m
Processing by Rails::WelcomeController#index as HTML
  Rendering /home/sl/.rbenv/versions/2.4.0/lib/ruby/gems/2.4.0/gems/railties-5.1.4/lib/rails/templates/rails/welcome/index.html.erb
  Rendered /home/sl/.rbenv/versions/2.4.0/lib/ruby/gems/2.4.0/gems/railties-5.1.4/lib/rails/templates/rails/welcome/index.html.erb (4.8ms)
Completed 200 OK in 24ms (Views: 11.8ms | ActiveRecord: 0.0ms)


Started GET "/users/sign_up" for 127.0.0.1 at 2017-09-29 10:30:21 +0700
Processing by Devise::RegistrationsController#new as HTML
  Rendering devise/registrations/new.html.erb within layouts/application
  Rendered devise/shared/_links.html.erb (6.4ms)
  Rendered devise/registrations/new.html.erb within layouts/application (92.3ms)
Completed 200 OK in 557ms (Views: 486.7ms | ActiveRecord: 7.7ms)


  [1m[35m (0.4ms)[0m  [1m[34mSELECT pg_try_advisory_lock(4349492530716221595)[0m
  [1m[35m (1.5ms)[0m  [1m[34mSELECT "schema_migrations"."version" FROM "schema_migrations" ORDER BY "schema_migrations"."version" ASC[0m
Migrating to CreateSexes (20170929040245)
  [1m[35m (0.3ms)[0m  [1m[35mBEGIN[0m
  [1m[35m (64.6ms)[0m  [1m[35mCREATE TABLE "sexes" ("id" bigserial primary key, "name" character varying, "created_at" timestamp NOT NULL, "updated_at" timestamp NOT NULL)[0m
  [1m[35mSQL (0.6ms)[0m  [1m[32mINSERT INTO "schema_migrations" ("version") VALUES ($1) RETURNING "version"[0m  [["version", "20170929040245"]]
  [1m[35m (5.2ms)[0m  [1m[35mCOMMIT[0m
Migrating to AddUsernameAgeSexFootLengthFootWidth (20170929040335)
  [1m[35m (0.3ms)[0m  [1m[35mBEGIN[0m
  [1m[35m (1.1ms)[0m  [1m[35mALTER TABLE "users" ADD "username" character varying[0m
  [1m[35m (0.5ms)[0m  [1m[35mALTER TABLE "users" ADD "dob" date[0m
  [1m[35m (0.5ms)[0m  [1m[35mALTER TABLE "users" ADD "sexes_id" bigint[0m
  [1m[35m (5.6ms)[0m  [1m[35mCREATE  INDEX  "index_users_on_sexes_id" ON "users"  ("sexes_id")[0m
  [1m[35m (13.5ms)[0m  [1m[35mALTER TABLE "users" ADD CONSTRAINT "fk_rails_882af8efa0"
FOREIGN KEY ("sexes_id")
  REFERENCES "sexes" ("id")
[0m
  [1m[35m (0.4ms)[0m  [1m[35mALTER TABLE "users" ADD "foot_length" float[0m
  [1m[35m (0.3ms)[0m  [1m[35mALTER TABLE "users" ADD "foot_width" float[0m
  [1m[35mSQL (0.4ms)[0m  [1m[32mINSERT INTO "schema_migrations" ("version") VALUES ($1) RETURNING "version"[0m  [["version", "20170929040335"]]
  [1m[35m (3.2ms)[0m  [1m[35mCOMMIT[0m
  [1m[36mActiveRecord::InternalMetadata Load (0.7ms)[0m  [1m[34mSELECT  "ar_internal_metadata".* FROM "ar_internal_metadata" WHERE "ar_internal_metadata"."key" = $1 LIMIT $2[0m  [["key", "environment"], ["LIMIT", 1]]
  [1m[35m (0.2ms)[0m  [1m[35mBEGIN[0m
  [1m[35m (0.2ms)[0m  [1m[35mCOMMIT[0m
  [1m[35m (0.4ms)[0m  [1m[34mSELECT pg_advisory_unlock(4349492530716221595)[0m
  [1m[35m (0.5ms)[0m  [1m[34mSELECT "schema_migrations"."version" FROM "schema_migrations" ORDER BY "schema_migrations"."version" ASC[0m
  [1m[35m (1.7ms)[0m  [1m[34mSELECT "schema_migrations"."version" FROM "schema_migrations" ORDER BY "schema_migrations"."version" ASC[0m
  [1m[35m (0.5ms)[0m  [1m[34mSELECT pg_try_advisory_lock(4349492530716221595)[0m
  [1m[35m (0.5ms)[0m  [1m[34mSELECT "schema_migrations"."version" FROM "schema_migrations" ORDER BY "schema_migrations"."version" ASC[0m
Migrating to AddUsernameAgeSexFootLengthFootWidth (20170929040335)
  [1m[35m (0.4ms)[0m  [1m[35mBEGIN[0m
  [1m[35m (0.2ms)[0m  [1m[31mROLLBACK[0m
  [1m[35m (0.6ms)[0m  [1m[34mSELECT pg_advisory_unlock(4349492530716221595)[0m
  [1m[35m (1.5ms)[0m  [1m[34mSELECT "schema_migrations"."version" FROM "schema_migrations" ORDER BY "schema_migrations"."version" ASC[0m
  [1m[35m (0.4ms)[0m  [1m[34mSELECT pg_try_advisory_lock(4349492530716221595)[0m
  [1m[35m (0.5ms)[0m  [1m[34mSELECT "schema_migrations"."version" FROM "schema_migrations" ORDER BY "schema_migrations"."version" ASC[0m
Migrating to AddUsernameAgeSexFootLengthFootWidth (20170929040335)
  [1m[35m (0.3ms)[0m  [1m[35mBEGIN[0m
  [1m[35m (15.5ms)[0m  [1m[35mALTER TABLE "users" DROP "foot_width"[0m
  [1m[35m (0.6ms)[0m  [1m[35mALTER TABLE "users" DROP "foot_length"[0m
  [1m[35m (17.7ms)[0m  [1m[35mALTER TABLE "users" DROP CONSTRAINT "fk_rails_882af8efa0"[0m
  [1m[35m (19.2ms)[0m  [1m[35mALTER TABLE "users" DROP "sexes_id"[0m
  [1m[35m (0.5ms)[0m  [1m[35mALTER TABLE "users" DROP "dob"[0m
  [1m[35m (0.7ms)[0m  [1m[35mALTER TABLE "users" DROP "username"[0m
  [1m[35mSQL (0.9ms)[0m  [1m[31mDELETE FROM "schema_migrations" WHERE "schema_migrations"."version" = $1[0m  [["version", "20170929040335"]]
  [1m[35m (7.0ms)[0m  [1m[35mCOMMIT[0m
  [1m[35m (0.6ms)[0m  [1m[34mSELECT pg_advisory_unlock(4349492530716221595)[0m
  [1m[35m (0.7ms)[0m  [1m[34mSELECT "schema_migrations"."version" FROM "schema_migrations" ORDER BY "schema_migrations"."version" ASC[0m
  [1m[35m (0.3ms)[0m  [1m[34mSELECT pg_try_advisory_lock(4349492530716221595)[0m
  [1m[35m (1.6ms)[0m  [1m[34mSELECT "schema_migrations"."version" FROM "schema_migrations" ORDER BY "schema_migrations"."version" ASC[0m
Migrating to AddUsernameAgeSexFootLengthFootWidth (20170929040335)
  [1m[35m (0.4ms)[0m  [1m[35mBEGIN[0m
  [1m[35m (1.1ms)[0m  [1m[35mALTER TABLE "users" ADD "username" character varying[0m
  [1m[35m (0.5ms)[0m  [1m[35mALTER TABLE "users" ADD "dob" date[0m
  [1m[35m (0.4ms)[0m  [1m[35mALTER TABLE "users" ADD "sexes_id" bigint[0m
  [1m[35m (21.7ms)[0m  [1m[35mCREATE  INDEX  "index_users_on_sexes_id" ON "users"  ("sexes_id")[0m
  [1m[35m (3.3ms)[0m  [1m[35mALTER TABLE "users" ADD CONSTRAINT "fk_rails_882af8efa0"
FOREIGN KEY ("sexes_id")
  REFERENCES "sexes" ("id")
[0m
  [1m[35m (0.6ms)[0m  [1m[35mALTER TABLE "users" ADD "foot_length" float[0m
  [1m[35m (0.5ms)[0m  [1m[35mALTER TABLE "users" ADD "foot_width" float[0m
  [1m[35m (19.5ms)[0m  [1m[35mCREATE UNIQUE INDEX  "index_users_on_sex" ON "users"  ("sex")[0m
  [1m[35m (0.3ms)[0m  [1m[31mROLLBACK[0m
  [1m[35m (0.5ms)[0m  [1m[34mSELECT pg_advisory_unlock(4349492530716221595)[0m
  [1m[35m (0.4ms)[0m  [1m[34mSELECT pg_try_advisory_lock(4349492530716221595)[0m
  [1m[35m (1.4ms)[0m  [1m[34mSELECT "schema_migrations"."version" FROM "schema_migrations" ORDER BY "schema_migrations"."version" ASC[0m
Migrating to AddUsernameAgeSexFootLengthFootWidth (20170929040335)
  [1m[35m (0.3ms)[0m  [1m[35mBEGIN[0m
  [1m[35m (1.1ms)[0m  [1m[35mALTER TABLE "users" ADD "username" character varying[0m
  [1m[35m (0.5ms)[0m  [1m[35mALTER TABLE "users" ADD "dob" date[0m
  [1m[35m (0.4ms)[0m  [1m[35mALTER TABLE "users" ADD "sexes_id" bigint[0m
  [1m[35m (13.3ms)[0m  [1m[35mCREATE  INDEX  "index_users_on_sexes_id" ON "users"  ("sexes_id")[0m
  [1m[35m (2.5ms)[0m  [1m[35mALTER TABLE "users" ADD CONSTRAINT "fk_rails_882af8efa0"
FOREIGN KEY ("sexes_id")
  REFERENCES "sexes" ("id")
[0m
  [1m[35m (0.5ms)[0m  [1m[35mALTER TABLE "users" ADD "foot_length" float[0m
  [1m[35m (0.4ms)[0m  [1m[35mALTER TABLE "users" ADD "foot_width" float[0m
  [1m[35m (1.8ms)[0m  [1m[35mCREATE UNIQUE INDEX  "index_users_on_sexes" ON "users"  ("sexes")[0m
  [1m[35m (0.3ms)[0m  [1m[31mROLLBACK[0m
  [1m[35m (0.5ms)[0m  [1m[34mSELECT pg_advisory_unlock(4349492530716221595)[0m
  [1m[35m (0.4ms)[0m  [1m[34mSELECT pg_try_advisory_lock(4349492530716221595)[0m
  [1m[35m (1.3ms)[0m  [1m[34mSELECT "schema_migrations"."version" FROM "schema_migrations" ORDER BY "schema_migrations"."version" ASC[0m
Migrating to AddUsernameAgeSexFootLengthFootWidth (20170929040335)
  [1m[35m (0.4ms)[0m  [1m[35mBEGIN[0m
  [1m[35m (11.6ms)[0m  [1m[35mALTER TABLE "users" ADD "username" character varying[0m
  [1m[35m (0.5ms)[0m  [1m[35mALTER TABLE "users" ADD "dob" date[0m
  [1m[35m (0.6ms)[0m  [1m[35mALTER TABLE "users" ADD "sexes_id" bigint[0m
  [1m[35m (21.0ms)[0m  [1m[35mCREATE  INDEX  "index_users_on_sexes_id" ON "users"  ("sexes_id")[0m
  [1m[35m (12.3ms)[0m  [1m[35mALTER TABLE "users" ADD CONSTRAINT "fk_rails_882af8efa0"
FOREIGN KEY ("sexes_id")
  REFERENCES "sexes" ("id")
[0m
  [1m[35m (0.6ms)[0m  [1m[35mALTER TABLE "users" ADD "foot_length" float[0m
  [1m[35m (0.5ms)[0m  [1m[35mALTER TABLE "users" ADD "foot_width" float[0m
  [1m[35mSQL (9.8ms)[0m  [1m[32mINSERT INTO "schema_migrations" ("version") VALUES ($1) RETURNING "version"[0m  [["version", "20170929040335"]]
  [1m[35m (3.9ms)[0m  [1m[35mCOMMIT[0m
Migrating to CreateBrands (20170929042428)
  [1m[35m (0.3ms)[0m  [1m[35mBEGIN[0m
  [1m[35m (61.4ms)[0m  [1m[35mCREATE TABLE "brands" ("id" bigserial primary key, "name" character varying, "created_at" timestamp NOT NULL, "updated_at" timestamp NOT NULL)[0m
  [1m[35mSQL (0.5ms)[0m  [1m[32mINSERT INTO "schema_migrations" ("version") VALUES ($1) RETURNING "version"[0m  [["version", "20170929042428"]]
  [1m[35m (3.0ms)[0m  [1m[35mCOMMIT[0m
Migrating to CreateCategories (20170929042437)
  [1m[35m (0.3ms)[0m  [1m[35mBEGIN[0m
  [1m[35m (12.9ms)[0m  [1m[35mCREATE TABLE "categories" ("id" bigserial primary key, "name" character varying, "created_at" timestamp NOT NULL, "updated_at" timestamp NOT NULL)[0m
  [1m[35mSQL (0.5ms)[0m  [1m[32mINSERT INTO "schema_migrations" ("version") VALUES ($1) RETURNING "version"[0m  [["version", "20170929042437"]]
  [1m[35m (2.9ms)[0m  [1m[35mCOMMIT[0m
Migrating to CreateShoes (20170929042614)
  [1m[35m (0.2ms)[0m  [1m[35mBEGIN[0m
  [1m[35m (0.2ms)[0m  [1m[31mROLLBACK[0m
  [1m[35m (0.5ms)[0m  [1m[34mSELECT pg_advisory_unlock(4349492530716221595)[0m
  [1m[35m (0.4ms)[0m  [1m[34mSELECT pg_try_advisory_lock(4349492530716221595)[0m
  [1m[35m (1.4ms)[0m  [1m[34mSELECT "schema_migrations"."version" FROM "schema_migrations" ORDER BY "schema_migrations"."version" ASC[0m
Migrating to CreateShoes (20170929042614)
  [1m[35m (0.3ms)[0m  [1m[35mBEGIN[0m
  [1m[35m (0.2ms)[0m  [1m[31mROLLBACK[0m
  [1m[35m (0.6ms)[0m  [1m[34mSELECT pg_advisory_unlock(4349492530716221595)[0m
  [1m[35m (0.4ms)[0m  [1m[34mSELECT pg_try_advisory_lock(4349492530716221595)[0m
  [1m[35m (1.1ms)[0m  [1m[34mSELECT "schema_migrations"."version" FROM "schema_migrations" ORDER BY "schema_migrations"."version" ASC[0m
Migrating to CreateShoes (20170929042614)
  [1m[35m (0.3ms)[0m  [1m[35mBEGIN[0m
  [1m[35m (88.8ms)[0m  [1m[35mCREATE TABLE "shoes" ("id" bigserial primary key, "name" character varying, "durability" integer, "comfortability" integer, "ventilation" integer, "overall" float, "water_proof" boolean, "money_worthy" integer, "released_date" date, "categories_id" bigint, "brands_id" bigint, "created_at" timestamp NOT NULL, "updated_at" timestamp NOT NULL, CONSTRAINT "fk_rails_83d687f3a0"
FOREIGN KEY ("categories_id")
  REFERENCES "categories" ("id")
, CONSTRAINT "fk_rails_0262ee1824"
FOREIGN KEY ("brands_id")
  REFERENCES "brands" ("id")
)[0m
  [1m[35m (5.9ms)[0m  [1m[35mCREATE  INDEX  "index_shoes_on_categories_id" ON "shoes"  ("categories_id")[0m
  [1m[35m (8.1ms)[0m  [1m[35mCREATE  INDEX  "index_shoes_on_brands_id" ON "shoes"  ("brands_id")[0m
  [1m[35mSQL (0.6ms)[0m  [1m[32mINSERT INTO "schema_migrations" ("version") VALUES ($1) RETURNING "version"[0m  [["version", "20170929042614"]]
  [1m[35m (5.0ms)[0m  [1m[35mCOMMIT[0m
  [1m[36mActiveRecord::InternalMetadata Load (0.7ms)[0m  [1m[34mSELECT  "ar_internal_metadata".* FROM "ar_internal_metadata" WHERE "ar_internal_metadata"."key" = $1 LIMIT $2[0m  [["key", "environment"], ["LIMIT", 1]]
  [1m[35m (0.3ms)[0m  [1m[35mBEGIN[0m
  [1m[35m (0.3ms)[0m  [1m[35mCOMMIT[0m
  [1m[35m (0.5ms)[0m  [1m[34mSELECT pg_advisory_unlock(4349492530716221595)[0m
  [1m[35m (0.6ms)[0m  [1m[34mSELECT "schema_migrations"."version" FROM "schema_migrations" ORDER BY "schema_migrations"."version" ASC[0m
  [1m[35m (1.2ms)[0m  [1m[34mSELECT "schema_migrations"."version" FROM "schema_migrations" ORDER BY "schema_migrations"."version" ASC[0m
  [1m[35m (0.4ms)[0m  [1m[34mSELECT pg_try_advisory_lock(4349492530716221595)[0m
  [1m[35m (0.4ms)[0m  [1m[34mSELECT "schema_migrations"."version" FROM "schema_migrations" ORDER BY "schema_migrations"."version" ASC[0m
Migrating to CreateShoes (20170929042614)
  [1m[35m (0.4ms)[0m  [1m[35mBEGIN[0m
  [1m[35m (13.6ms)[0m  [1m[35mDROP TABLE "shoes"[0m
  [1m[35mSQL (0.7ms)[0m  [1m[31mDELETE FROM "schema_migrations" WHERE "schema_migrations"."version" = $1[0m  [["version", "20170929042614"]]
  [1m[35m (8.8ms)[0m  [1m[35mCOMMIT[0m
  [1m[35m (0.6ms)[0m  [1m[34mSELECT pg_advisory_unlock(4349492530716221595)[0m
  [1m[35m (0.5ms)[0m  [1m[34mSELECT "schema_migrations"."version" FROM "schema_migrations" ORDER BY "schema_migrations"."version" ASC[0m
  [1m[35m (0.3ms)[0m  [1m[34mSELECT pg_try_advisory_lock(4349492530716221595)[0m
  [1m[35m (1.3ms)[0m  [1m[34mSELECT "schema_migrations"."version" FROM "schema_migrations" ORDER BY "schema_migrations"."version" ASC[0m
Migrating to CreateShoes (20170929042614)
  [1m[35m (0.2ms)[0m  [1m[35mBEGIN[0m
  [1m[35m (48.9ms)[0m  [1m[35mCREATE TABLE "shoes" ("id" bigserial primary key, "name" character varying, "durability" float, "comfortability" float, "ventilation" float, "overall" float, "water_proof" boolean, "money_worthy" float, "released_date" date, "categories_id" bigint, "brands_id" bigint, "created_at" timestamp NOT NULL, "updated_at" timestamp NOT NULL, CONSTRAINT "fk_rails_83d687f3a0"
FOREIGN KEY ("categories_id")
  REFERENCES "categories" ("id")
, CONSTRAINT "fk_rails_0262ee1824"
FOREIGN KEY ("brands_id")
  REFERENCES "brands" ("id")
)[0m
  [1m[35m (3.8ms)[0m  [1m[35mCREATE  INDEX  "index_shoes_on_categories_id" ON "shoes"  ("categories_id")[0m
  [1m[35m (7.2ms)[0m  [1m[35mCREATE  INDEX  "index_shoes_on_brands_id" ON "shoes"  ("brands_id")[0m
  [1m[35mSQL (0.7ms)[0m  [1m[32mINSERT INTO "schema_migrations" ("version") VALUES ($1) RETURNING "version"[0m  [["version", "20170929042614"]]
  [1m[35m (3.2ms)[0m  [1m[35mCOMMIT[0m
  [1m[36mActiveRecord::InternalMetadata Load (0.8ms)[0m  [1m[34mSELECT  "ar_internal_metadata".* FROM "ar_internal_metadata" WHERE "ar_internal_metadata"."key" = $1 LIMIT $2[0m  [["key", "environment"], ["LIMIT", 1]]
  [1m[35m (0.3ms)[0m  [1m[35mBEGIN[0m
  [1m[35m (0.3ms)[0m  [1m[35mCOMMIT[0m
  [1m[35m (0.5ms)[0m  [1m[34mSELECT pg_advisory_unlock(4349492530716221595)[0m
  [1m[35m (0.5ms)[0m  [1m[34mSELECT "schema_migrations"."version" FROM "schema_migrations" ORDER BY "schema_migrations"."version" ASC[0m
  [1m[35m (0.3ms)[0m  [1m[34mSELECT pg_try_advisory_lock(4349492530716221595)[0m
  [1m[35m (1.1ms)[0m  [1m[34mSELECT "schema_migrations"."version" FROM "schema_migrations" ORDER BY "schema_migrations"."version" ASC[0m
Migrating to CreateReviews (20170929044137)
  [1m[35m (0.4ms)[0m  [1m[35mBEGIN[0m
  [1m[35m (75.2ms)[0m  [1m[35mCREATE TABLE "reviews" ("id" bigserial primary key, "content" character varying, "durability" integer, "comfortability" integer, "ventilation" integer, "money_worthy" integer, "vote_count" integer, "shoe_id" bigint, "user_id" bigint, "created_at" timestamp NOT NULL, "updated_at" timestamp NOT NULL, CONSTRAINT "fk_rails_2ffd8f38b7"
FOREIGN KEY ("shoe_id")
  REFERENCES "shoes" ("id")
, CONSTRAINT "fk_rails_74a66bd6c5"
FOREIGN KEY ("user_id")
  REFERENCES "users" ("id")
)[0m
  [1m[35m (4.2ms)[0m  [1m[35mCREATE  INDEX  "index_reviews_on_shoe_id" ON "reviews"  ("shoe_id")[0m
  [1m[35m (4.8ms)[0m  [1m[35mCREATE  INDEX  "index_reviews_on_user_id" ON "reviews"  ("user_id")[0m
  [1m[35mSQL (0.7ms)[0m  [1m[32mINSERT INTO "schema_migrations" ("version") VALUES ($1) RETURNING "version"[0m  [["version", "20170929044137"]]
  [1m[35m (4.1ms)[0m  [1m[35mCOMMIT[0m
  [1m[36mActiveRecord::InternalMetadata Load (0.6ms)[0m  [1m[34mSELECT  "ar_internal_metadata".* FROM "ar_internal_metadata" WHERE "ar_internal_metadata"."key" = $1 LIMIT $2[0m  [["key", "environment"], ["LIMIT", 1]]
  [1m[35m (0.3ms)[0m  [1m[35mBEGIN[0m
  [1m[35m (0.3ms)[0m  [1m[35mCOMMIT[0m
  [1m[35m (0.7ms)[0m  [1m[34mSELECT pg_advisory_unlock(4349492530716221595)[0m
  [1m[35m (0.4ms)[0m  [1m[34mSELECT "schema_migrations"."version" FROM "schema_migrations" ORDER BY "schema_migrations"."version" ASC[0m
  [1m[35m (1.1ms)[0m  [1m[34mSELECT "schema_migrations"."version" FROM "schema_migrations" ORDER BY "schema_migrations"."version" ASC[0m
  [1m[35m (0.4ms)[0m  [1m[34mSELECT pg_try_advisory_lock(4349492530716221595)[0m
  [1m[35m (0.5ms)[0m  [1m[34mSELECT "schema_migrations"."version" FROM "schema_migrations" ORDER BY "schema_migrations"."version" ASC[0m
Migrating to CreateReviews (20170929044137)
  [1m[35m (0.3ms)[0m  [1m[35mBEGIN[0m
  [1m[35m (41.1ms)[0m  [1m[35mDROP TABLE "reviews"[0m
  [1m[35mSQL (0.9ms)[0m  [1m[31mDELETE FROM "schema_migrations" WHERE "schema_migrations"."version" = $1[0m  [["version", "20170929044137"]]
  [1m[35m (7.7ms)[0m  [1m[35mCOMMIT[0m
  [1m[35m (0.6ms)[0m  [1m[34mSELECT pg_advisory_unlock(4349492530716221595)[0m
  [1m[35m (0.6ms)[0m  [1m[34mSELECT "schema_migrations"."version" FROM "schema_migrations" ORDER BY "schema_migrations"."version" ASC[0m
  [1m[35m (0.3ms)[0m  [1m[34mSELECT pg_try_advisory_lock(4349492530716221595)[0m
  [1m[35m (1.3ms)[0m  [1m[34mSELECT "schema_migrations"."version" FROM "schema_migrations" ORDER BY "schema_migrations"."version" ASC[0m
Migrating to CreateReviews (20170929044137)
  [1m[35m (0.2ms)[0m  [1m[35mBEGIN[0m
  [1m[35m (101.2ms)[0m  [1m[35mCREATE TABLE "reviews" ("id" bigserial primary key, "content" character varying, "durability" integer, "comfortability" integer, "ventilation" integer, "money_worthy" integer, "vote_count" integer, "shoe_id" bigint, "user_id" bigint, "created_at" timestamp NOT NULL, "updated_at" timestamp NOT NULL, CONSTRAINT "fk_rails_2ffd8f38b7"
FOREIGN KEY ("shoe_id")
  REFERENCES "shoes" ("id")
, CONSTRAINT "fk_rails_74a66bd6c5"
FOREIGN KEY ("user_id")
  REFERENCES "users" ("id")
)[0m
  [1m[35m (4.4ms)[0m  [1m[35mCREATE  INDEX  "index_reviews_on_shoe_id" ON "reviews"  ("shoe_id")[0m
  [1m[35m (4.4ms)[0m  [1m[35mCREATE  INDEX  "index_reviews_on_user_id" ON "reviews"  ("user_id")[0m
  [1m[35mSQL (0.5ms)[0m  [1m[32mINSERT INTO "schema_migrations" ("version") VALUES ($1) RETURNING "version"[0m  [["version", "20170929044137"]]
  [1m[35m (3.0ms)[0m  [1m[35mCOMMIT[0m
Migrating to CreateShops (20170929044247)
  [1m[35m (0.4ms)[0m  [1m[35mBEGIN[0m
  [1m[35m (20.6ms)[0m  [1m[35mCREATE TABLE "shops" ("id" bigserial primary key, "name" character varying, "address" character varying, "created_at" timestamp NOT NULL, "updated_at" timestamp NOT NULL)[0m
  [1m[35mSQL (0.6ms)[0m  [1m[32mINSERT INTO "schema_migrations" ("version") VALUES ($1) RETURNING "version"[0m  [["version", "20170929044247"]]
  [1m[35m (1.8ms)[0m  [1m[35mCOMMIT[0m
  [1m[36mActiveRecord::InternalMetadata Load (0.5ms)[0m  [1m[34mSELECT  "ar_internal_metadata".* FROM "ar_internal_metadata" WHERE "ar_internal_metadata"."key" = $1 LIMIT $2[0m  [["key", "environment"], ["LIMIT", 1]]
  [1m[35m (0.3ms)[0m  [1m[35mBEGIN[0m
  [1m[35m (0.3ms)[0m  [1m[35mCOMMIT[0m
  [1m[35m (0.5ms)[0m  [1m[34mSELECT pg_advisory_unlock(4349492530716221595)[0m
  [1m[35m (0.5ms)[0m  [1m[34mSELECT "schema_migrations"."version" FROM "schema_migrations" ORDER BY "schema_migrations"."version" ASC[0m
  [1m[35m (0.4ms)[0m  [1m[34mSELECT pg_try_advisory_lock(4349492530716221595)[0m
  [1m[35m (1.5ms)[0m  [1m[34mSELECT "schema_migrations"."version" FROM "schema_migrations" ORDER BY "schema_migrations"."version" ASC[0m
Migrating to CreateShoeShops (20170929044806)
  [1m[35m (0.2ms)[0m  [1m[35mBEGIN[0m
  [1m[35m (58.5ms)[0m  [1m[35mCREATE TABLE "shoe_shops" ("id" bigserial primary key, "shoe_id" bigint, "shop_id" bigint, "created_at" timestamp NOT NULL, "updated_at" timestamp NOT NULL, CONSTRAINT "fk_rails_29d5388666"
FOREIGN KEY ("shoe_id")
  REFERENCES "shoes" ("id")
, CONSTRAINT "fk_rails_3567e53f32"
FOREIGN KEY ("shop_id")
  REFERENCES "shops" ("id")
)[0m
  [1m[35m (8.0ms)[0m  [1m[35mCREATE  INDEX  "index_shoe_shops_on_shoe_id" ON "shoe_shops"  ("shoe_id")[0m
  [1m[35m (4.9ms)[0m  [1m[35mCREATE  INDEX  "index_shoe_shops_on_shop_id" ON "shoe_shops"  ("shop_id")[0m
  [1m[35mSQL (0.6ms)[0m  [1m[32mINSERT INTO "schema_migrations" ("version") VALUES ($1) RETURNING "version"[0m  [["version", "20170929044806"]]
  [1m[35m (4.8ms)[0m  [1m[35mCOMMIT[0m
Migrating to CreateSizes (20170929045053)
  [1m[35m (0.3ms)[0m  [1m[35mBEGIN[0m
  [1m[35m (38.7ms)[0m  [1m[35mCREATE TABLE "sizes" ("id" bigserial primary key, "size" character varying, "foot_length" float, "foot_width" float, "shoe_id" bigint, "created_at" timestamp NOT NULL, "updated_at" timestamp NOT NULL, CONSTRAINT "fk_rails_56cc11b4bb"
FOREIGN KEY ("shoe_id")
  REFERENCES "shoes" ("id")
)[0m
  [1m[35m (6.6ms)[0m  [1m[35mCREATE  INDEX  "index_sizes_on_shoe_id" ON "sizes"  ("shoe_id")[0m
  [1m[35mSQL (0.6ms)[0m  [1m[32mINSERT INTO "schema_migrations" ("version") VALUES ($1) RETURNING "version"[0m  [["version", "20170929045053"]]
  [1m[35m (3.1ms)[0m  [1m[35mCOMMIT[0m
  [1m[36mActiveRecord::InternalMetadata Load (0.4ms)[0m  [1m[34mSELECT  "ar_internal_metadata".* FROM "ar_internal_metadata" WHERE "ar_internal_metadata"."key" = $1 LIMIT $2[0m  [["key", "environment"], ["LIMIT", 1]]
  [1m[35m (0.2ms)[0m  [1m[35mBEGIN[0m
  [1m[35m (0.2ms)[0m  [1m[35mCOMMIT[0m
  [1m[35m (0.4ms)[0m  [1m[34mSELECT pg_advisory_unlock(4349492530716221595)[0m
  [1m[35m (0.6ms)[0m  [1m[34mSELECT "schema_migrations"."version" FROM "schema_migrations" ORDER BY "schema_migrations"."version" ASC[0m
  [1m[35m (0.4ms)[0m  [1m[34mSELECT pg_try_advisory_lock(4349492530716221595)[0m
  [1m[35m (1.5ms)[0m  [1m[34mSELECT "schema_migrations"."version" FROM "schema_migrations" ORDER BY "schema_migrations"."version" ASC[0m
Migrating to CreateBookmarks (20170929045207)
  [1m[35m (0.3ms)[0m  [1m[35mBEGIN[0m
  [1m[35m (16.2ms)[0m  [1m[35mCREATE TABLE "bookmarks" ("id" bigserial primary key, "user_id" bigint, "shoe_id" bigint, "created_at" timestamp NOT NULL, "updated_at" timestamp NOT NULL, CONSTRAINT "fk_rails_c1ff6fa4ac"
FOREIGN KEY ("user_id")
  REFERENCES "users" ("id")
, CONSTRAINT "fk_rails_db34514fa4"
FOREIGN KEY ("shoe_id")
  REFERENCES "shoes" ("id")
)[0m
  [1m[35m (5.7ms)[0m  [1m[35mCREATE  INDEX  "index_bookmarks_on_user_id" ON "bookmarks"  ("user_id")[0m
  [1m[35m (4.2ms)[0m  [1m[35mCREATE  INDEX  "index_bookmarks_on_shoe_id" ON "bookmarks"  ("shoe_id")[0m
  [1m[35mSQL (0.7ms)[0m  [1m[32mINSERT INTO "schema_migrations" ("version") VALUES ($1) RETURNING "version"[0m  [["version", "20170929045207"]]
  [1m[35m (3.0ms)[0m  [1m[35mCOMMIT[0m
  [1m[36mActiveRecord::InternalMetadata Load (0.7ms)[0m  [1m[34mSELECT  "ar_internal_metadata".* FROM "ar_internal_metadata" WHERE "ar_internal_metadata"."key" = $1 LIMIT $2[0m  [["key", "environment"], ["LIMIT", 1]]
  [1m[35m (0.3ms)[0m  [1m[35mBEGIN[0m
  [1m[35m (0.3ms)[0m  [1m[35mCOMMIT[0m
  [1m[35m (0.4ms)[0m  [1m[34mSELECT pg_advisory_unlock(4349492530716221595)[0m
  [1m[35m (0.5ms)[0m  [1m[34mSELECT "schema_migrations"."version" FROM "schema_migrations" ORDER BY "schema_migrations"."version" ASC[0m
